<?xml version="1.0" encoding="UTF-8"?>
<testsuite xmlns:xsi="http://www.w3.org/2001/XMLSchema-instance" xsi:noNamespaceSchemaLocation="https://maven.apache.org/surefire/maven-surefire-plugin/xsd/surefire-test-report.xsd" name="implementation.SudokuGameImpTest" time="0.608" tests="8" errors="0" skipped="0" failures="0">
  <properties>
    <property name="java.specification.version" value="19"/>
    <property name="sun.jnu.encoding" value="UTF-8"/>
    <property name="java.class.path" value="/Users/marco/Documents/Sudoku/p2psudoku/target/test-classes:/Users/marco/Documents/Sudoku/p2psudoku/target/classes:/Users/marco/.m2/repository/net/tomp2p/tomp2p-all/5.0-Beta8/tomp2p-all-5.0-Beta8.jar:/Users/marco/.m2/repository/net/tomp2p/tomp2p-core/5.0-Beta8/tomp2p-core-5.0-Beta8.jar:/Users/marco/.m2/repository/io/netty/netty-transport/4.0.28.Final/netty-transport-4.0.28.Final.jar:/Users/marco/.m2/repository/io/netty/netty-buffer/4.0.28.Final/netty-buffer-4.0.28.Final.jar:/Users/marco/.m2/repository/io/netty/netty-common/4.0.28.Final/netty-common-4.0.28.Final.jar:/Users/marco/.m2/repository/net/tomp2p/tomp2p-nat/5.0-Beta8/tomp2p-nat-5.0-Beta8.jar:/Users/marco/.m2/repository/org/bitlet/weupnp/0.1.2/weupnp-0.1.2.jar:/Users/marco/.m2/repository/com/ganyo/gcm-server/1.0.2/gcm-server-1.0.2.jar:/Users/marco/.m2/repository/com/googlecode/json-simple/json-simple/1.1/json-simple-1.1.jar:/Users/marco/.m2/repository/net/tomp2p/tomp2p-android/5.0-Beta8/tomp2p-android-5.0-Beta8.jar:/Users/marco/.m2/repository/net/tomp2p/tomp2p-replication/5.0-Beta8/tomp2p-replication-5.0-Beta8.jar:/Users/marco/.m2/repository/net/tomp2p/tomp2p-storage/5.0-Beta8/tomp2p-storage-5.0-Beta8.jar:/Users/marco/.m2/repository/org/mapdb/mapdb/1.0.6/mapdb-1.0.6.jar:/Users/marco/.m2/repository/net/tomp2p/tomp2p-dht/5.0-Beta8/tomp2p-dht-5.0-Beta8.jar:/Users/marco/.m2/repository/net/tomp2p/tomp2p-tracker/5.0-Beta8/tomp2p-tracker-5.0-Beta8.jar:/Users/marco/.m2/repository/org/slf4j/slf4j-api/1.7.5/slf4j-api-1.7.5.jar:/Users/marco/.m2/repository/org/junit/jupiter/junit-jupiter-engine/5.5.2/junit-jupiter-engine-5.5.2.jar:/Users/marco/.m2/repository/org/apiguardian/apiguardian-api/1.1.0/apiguardian-api-1.1.0.jar:/Users/marco/.m2/repository/org/junit/platform/junit-platform-engine/1.5.2/junit-platform-engine-1.5.2.jar:/Users/marco/.m2/repository/org/opentest4j/opentest4j/1.2.0/opentest4j-1.2.0.jar:/Users/marco/.m2/repository/org/junit/platform/junit-platform-commons/1.5.2/junit-platform-commons-1.5.2.jar:/Users/marco/.m2/repository/org/junit/jupiter/junit-jupiter-api/5.5.2/junit-jupiter-api-5.5.2.jar:/Users/marco/.m2/repository/args4j/args4j/2.33/args4j-2.33.jar:/Users/marco/.m2/repository/org/beryx/text-io/3.3.0/text-io-3.3.0.jar:/Users/marco/.m2/repository/jline/jline/2.14.5/jline-2.14.5.jar:/Users/marco/.m2/repository/org/beryx/awt-color-factory/1.0.0/awt-color-factory-1.0.0.jar:"/>
    <property name="java.vm.vendor" value="Homebrew"/>
    <property name="sun.arch.data.model" value="64"/>
    <property name="java.vendor.url" value="https://github.com/Homebrew/homebrew-core/issues"/>
    <property name="os.name" value="Mac OS X"/>
    <property name="java.vm.specification.version" value="19"/>
    <property name="sun.java.launcher" value="SUN_STANDARD"/>
    <property name="user.country" value="IT"/>
    <property name="sun.boot.library.path" value="/opt/homebrew/Cellar/openjdk/19.0.1/libexec/openjdk.jdk/Contents/Home/lib"/>
    <property name="sun.java.command" value="/Users/marco/Documents/Sudoku/p2psudoku/target/surefire/surefirebooter17834194371867549729.jar /Users/marco/Documents/Sudoku/p2psudoku/target/surefire 2022-11-26T20-49-10_524-jvmRun1 surefire17430916322049898556tmp surefire_0233990699381758009tmp"/>
    <property name="http.nonProxyHosts" value="local|*.local|169.254/16|*.169.254/16"/>
    <property name="jdk.debug" value="release"/>
    <property name="surefire.test.class.path" value="/Users/marco/Documents/Sudoku/p2psudoku/target/test-classes:/Users/marco/Documents/Sudoku/p2psudoku/target/classes:/Users/marco/.m2/repository/net/tomp2p/tomp2p-all/5.0-Beta8/tomp2p-all-5.0-Beta8.jar:/Users/marco/.m2/repository/net/tomp2p/tomp2p-core/5.0-Beta8/tomp2p-core-5.0-Beta8.jar:/Users/marco/.m2/repository/io/netty/netty-transport/4.0.28.Final/netty-transport-4.0.28.Final.jar:/Users/marco/.m2/repository/io/netty/netty-buffer/4.0.28.Final/netty-buffer-4.0.28.Final.jar:/Users/marco/.m2/repository/io/netty/netty-common/4.0.28.Final/netty-common-4.0.28.Final.jar:/Users/marco/.m2/repository/net/tomp2p/tomp2p-nat/5.0-Beta8/tomp2p-nat-5.0-Beta8.jar:/Users/marco/.m2/repository/org/bitlet/weupnp/0.1.2/weupnp-0.1.2.jar:/Users/marco/.m2/repository/com/ganyo/gcm-server/1.0.2/gcm-server-1.0.2.jar:/Users/marco/.m2/repository/com/googlecode/json-simple/json-simple/1.1/json-simple-1.1.jar:/Users/marco/.m2/repository/net/tomp2p/tomp2p-android/5.0-Beta8/tomp2p-android-5.0-Beta8.jar:/Users/marco/.m2/repository/net/tomp2p/tomp2p-replication/5.0-Beta8/tomp2p-replication-5.0-Beta8.jar:/Users/marco/.m2/repository/net/tomp2p/tomp2p-storage/5.0-Beta8/tomp2p-storage-5.0-Beta8.jar:/Users/marco/.m2/repository/org/mapdb/mapdb/1.0.6/mapdb-1.0.6.jar:/Users/marco/.m2/repository/net/tomp2p/tomp2p-dht/5.0-Beta8/tomp2p-dht-5.0-Beta8.jar:/Users/marco/.m2/repository/net/tomp2p/tomp2p-tracker/5.0-Beta8/tomp2p-tracker-5.0-Beta8.jar:/Users/marco/.m2/repository/org/slf4j/slf4j-api/1.7.5/slf4j-api-1.7.5.jar:/Users/marco/.m2/repository/org/junit/jupiter/junit-jupiter-engine/5.5.2/junit-jupiter-engine-5.5.2.jar:/Users/marco/.m2/repository/org/apiguardian/apiguardian-api/1.1.0/apiguardian-api-1.1.0.jar:/Users/marco/.m2/repository/org/junit/platform/junit-platform-engine/1.5.2/junit-platform-engine-1.5.2.jar:/Users/marco/.m2/repository/org/opentest4j/opentest4j/1.2.0/opentest4j-1.2.0.jar:/Users/marco/.m2/repository/org/junit/platform/junit-platform-commons/1.5.2/junit-platform-commons-1.5.2.jar:/Users/marco/.m2/repository/org/junit/jupiter/junit-jupiter-api/5.5.2/junit-jupiter-api-5.5.2.jar:/Users/marco/.m2/repository/args4j/args4j/2.33/args4j-2.33.jar:/Users/marco/.m2/repository/org/beryx/text-io/3.3.0/text-io-3.3.0.jar:/Users/marco/.m2/repository/jline/jline/2.14.5/jline-2.14.5.jar:/Users/marco/.m2/repository/org/beryx/awt-color-factory/1.0.0/awt-color-factory-1.0.0.jar:"/>
    <property name="sun.cpu.endian" value="little"/>
    <property name="user.home" value="/Users/marco"/>
    <property name="user.language" value="it"/>
    <property name="java.specification.vendor" value="Oracle Corporation"/>
    <property name="java.version.date" value="2022-10-18"/>
    <property name="java.home" value="/opt/homebrew/Cellar/openjdk/19.0.1/libexec/openjdk.jdk/Contents/Home"/>
    <property name="file.separator" value="/"/>
    <property name="basedir" value="/Users/marco/Documents/Sudoku/p2psudoku"/>
    <property name="java.vm.compressedOopsMode" value="Zero based"/>
    <property name="line.separator" value="&#10;"/>
    <property name="java.vm.specification.vendor" value="Oracle Corporation"/>
    <property name="java.specification.name" value="Java Platform API Specification"/>
    <property name="apple.awt.application.name" value="ForkedBooter"/>
    <property name="surefire.real.class.path" value="/Users/marco/Documents/Sudoku/p2psudoku/target/surefire/surefirebooter17834194371867549729.jar"/>
    <property name="sun.management.compiler" value="HotSpot 64-Bit Tiered Compilers"/>
    <property name="ftp.nonProxyHosts" value="local|*.local|169.254/16|*.169.254/16"/>
    <property name="java.runtime.version" value="19.0.1"/>
    <property name="user.name" value="marco"/>
    <property name="stdout.encoding" value="UTF-8"/>
    <property name="path.separator" value=":"/>
    <property name="os.version" value="12.6.1"/>
    <property name="java.runtime.name" value="OpenJDK Runtime Environment"/>
    <property name="file.encoding" value="UTF-8"/>
    <property name="java.vm.name" value="OpenJDK 64-Bit Server VM"/>
    <property name="java.vendor.version" value="Homebrew"/>
    <property name="localRepository" value="/Users/marco/.m2/repository"/>
    <property name="java.vendor.url.bug" value="https://github.com/Homebrew/homebrew-core/issues"/>
    <property name="java.io.tmpdir" value="/var/folders/y2/_s5sly1s5px4j345282xwkgh0000gn/T/"/>
    <property name="java.version" value="19.0.1"/>
    <property name="user.dir" value="/Users/marco/Documents/Sudoku/p2psudoku"/>
    <property name="os.arch" value="aarch64"/>
    <property name="java.vm.specification.name" value="Java Virtual Machine Specification"/>
    <property name="native.encoding" value="UTF-8"/>
    <property name="java.library.path" value="/Users/marco/Library/Java/Extensions:/Library/Java/Extensions:/Network/Library/Java/Extensions:/System/Library/Java/Extensions:/usr/lib/java:."/>
    <property name="java.vm.info" value="mixed mode, sharing"/>
    <property name="stderr.encoding" value="UTF-8"/>
    <property name="java.vendor" value="Homebrew"/>
    <property name="java.vm.version" value="19.0.1"/>
    <property name="sun.io.unicode.encoding" value="UnicodeBig"/>
    <property name="socksNonProxyHosts" value="local|*.local|169.254/16|*.169.254/16"/>
    <property name="java.class.version" value="63.0"/>
  </properties>
  <testcase name="testLeaveSudoku" classname="implementation.SudokuGameImpTest" time="0.049"/>
  <testcase name="testSearchGame" classname="implementation.SudokuGameImpTest" time="0.022"/>
  <testcase name="testJoin" classname="implementation.SudokuGameImpTest" time="0.054"/>
  <testcase name="testPlaceNumber" classname="implementation.SudokuGameImpTest" time="0.09"/>
  <testcase name="testLeaveNetwork" classname="implementation.SudokuGameImpTest" time="0.017"/>
  <testcase name="testGenerateNewSudoku" classname="implementation.SudokuGameImpTest" time="0.049"/>
  <testcase name="testSyncGameList" classname="implementation.SudokuGameImpTest" time="0.01"/>
  <testcase name="testAddToPlayerList" classname="implementation.SudokuGameImpTest" time="0.008"/>
</testsuite>